
Showing logs for build [32mcb-kubecd-bdd-gh-1579697085-pr-nmqmh-1[0m stage [32mfrom-build-pack[0m and container [32mstep-credential-initializer-bzdm5[0m
{"level":"warn","ts":1579698525.8345106,"logger":"fallback-logger","caller":"logging/config.go:69","msg":"Fetch GitHub commit ID from kodata failed: \"ref: refs/heads/0.8.0-**-support-backwards-incompats\" is not a valid GitHub commit ID"}
{"level":"info","ts":1579698525.8351269,"logger":"fallback-logger","caller":"creds-init/main.go:40","msg":"Credentials initialized."}

Showing logs for build [32mcb-kubecd-bdd-gh-1579697085-pr-nmqmh-1[0m stage [32mfrom-build-pack[0m and container [32mstep-working-dir-initializer-7vqmd[0m
{"level":"warn","ts":1579698527.3179512,"logger":"fallback-logger","caller":"logging/config.go:69","msg":"Fetch GitHub commit ID from kodata failed: open /var/run/ko/HEAD: no such file or directory"}
{"level":"info","ts":1579698527.319278,"logger":"fallback-logger","caller":"bash/main.go:64","msg":"Successfully executed command \"sh -c mkdir -p /workspace/source\"; output "}

Showing logs for build [32mcb-kubecd-bdd-gh-1579697085-pr-nmqmh-1[0m stage [32mfrom-build-pack[0m and container [32mstep-place-tools[0m

Showing logs for build [32mcb-kubecd-bdd-gh-1579697085-pr-nmqmh-1[0m stage [32mfrom-build-pack[0m and container [32mstep-git-source-cb-kubecd-bdd-gh-1579697085-pr-f5lhj[0m
{"level":"warn","ts":1579698536.5119288,"logger":"fallback-logger","caller":"logging/config.go:69","msg":"Fetch GitHub commit ID from kodata failed: \"ref: refs/heads/0.8.0-**-support-backwards-incompats\" is not a valid GitHub commit ID"}
{"level":"info","ts":1579698537.7296271,"logger":"fallback-logger","caller":"git/git.go:103","msg":"Successfully cloned https://github.com/cb-kubecd/bdd-gh-1579697085.git @ master in path /workspace/source"}

Showing logs for build [32mcb-kubecd-bdd-gh-1579697085-pr-nmqmh-1[0m stage [32mfrom-build-pack[0m and container [32mstep-git-merge[0m
Using SHAs from PULL_REFS=master:87f147afdee95b9cd5ebb68a787f2cfeac4650e7,1:43682b9258956419e81dd65465b708d2e5ea8a5c
DEBUG: ran git fetch --unshallow origin 43682b9258956419e81dd65465b708d2e5ea8a5c: 87f147afdee95b9cd5ebb68a787f2cfeac4650e7: in 
DEBUG: ran git checkout master in 
DEBUG: ran git reset --hard 87f147afdee95b9cd5ebb68a787f2cfeac4650e7 in 
DEBUG: ran clean --force -d . in 
DEBUG: ran git merge 43682b9258956419e81dd65465b708d2e5ea8a5c in 
Merged SHA 43682b9258956419e81dd65465b708d2e5ea8a5c with commit message 'My first PR commit' into base branch master

Showing logs for build [32mcb-kubecd-bdd-gh-1579697085-pr-nmqmh-1[0m stage [32mfrom-build-pack[0m and container [32mstep-build-make-linux[0m
CGO_ENABLED=0 GOOS=linux GOARCH=amd64 GO15VENDOREXPERIMENT=1 go build -ldflags '' -o bin/bdd-gh-1579697085 main.go

Showing logs for build [32mcb-kubecd-bdd-gh-1579697085-pr-nmqmh-1[0m stage [32mfrom-build-pack[0m and container [32mstep-build-container-build[0m
[36mINFO[0m[0000] No base image, nothing to extract            
[36mINFO[0m[0000] cmd: EXPOSE                                  
[36mINFO[0m[0000] Adding exposed port: 8080/tcp                
[36mINFO[0m[0000] Using files from context: [/workspace/source/bin] 
[36mINFO[0m[0000] Skipping unpacking as no commands require it. 
[36mINFO[0m[0000] Taking snapshot of full filesystem...        
[36mINFO[0m[0000] EXPOSE 8080                                  
[36mINFO[0m[0000] cmd: EXPOSE                                  
[36mINFO[0m[0000] Adding exposed port: 8080/tcp                
[36mINFO[0m[0000] No files changed in this command, skipping snapshotting. 
[36mINFO[0m[0000] ENTRYPOINT ["/bdd-gh-1579697085"]            
[36mINFO[0m[0000] No files changed in this command, skipping snapshotting. 
[36mINFO[0m[0000] Using files from context: [/workspace/source/bin] 
[36mINFO[0m[0000] COPY ./bin/ /                                
[36mINFO[0m[0000] Taking snapshot of files...                  
2020/01/22 13:09:30 pushed blob: sha256:f2eb01d9a7cdf7d8e4444dde4d935f7a910c8df9969e2335ef3fc9cc721bbe08
2020/01/22 13:09:31 pushed blob: sha256:9cfa8b32f18d175973dbb17db8ca7f45266f865b24d8d352e681e0074984ba11
2020/01/22 13:09:32 gcr.io/jenkins-x-bdd3/bdd-gh-1579697085:0.0.0-SNAPSHOT-PR-1-1: digest: sha256:2b797496c13169bd5294889ad5c75a3c914cb9a70216be8e6f4774f3810d92f2 size: 428

Showing logs for build [32mcb-kubecd-bdd-gh-1579697085-pr-nmqmh-1[0m stage [32mfrom-build-pack[0m and container [32mstep-postbuild-post-build[0m
no CVE provider running in the current ** namespace so skip adding image to be analysed

Showing logs for build [32mcb-kubecd-bdd-gh-1579697085-pr-nmqmh-1[0m stage [32mfrom-build-pack[0m and container [32mstep-promote-make-preview[0m
sed -i -e "s/version:.*/version: 0.0.0-SNAPSHOT-PR-1-1/" Chart.yaml
sed -i -e "s/version:.*/version: 0.0.0-SNAPSHOT-PR-1-1/" ../*/Chart.yaml
sed -i -e "s|repository:.*|repository: gcr.io\/jenkins-x-bdd3\/bdd-gh-1579697085|" values.yaml
sed -i -e "s/tag:.*/tag: 0.0.0-SNAPSHOT-PR-1-1/" values.yaml
echo "  version: 0.0.0-SNAPSHOT-PR-1-1" >> requirements.yaml
** step helm build
WARNING: No $CHART_REPOSITORY defined so using the default value of: http://jenkins-x-chartmuseum:8080
Adding missing Helm repo: storage.googleapis.com https://storage.googleapis.com/chartmuseum.jenkins-x.io
WARNING: No secrets found on "helm/repos" due: reading the secret "helm/repos" from vault: no secret "helm/repos" not found in vault
Read credentials for https://storage.googleapis.com/chartmuseum.jenkins-x.io from vault helm/repos
Successfully added Helm repository storage.googleapis.com.
Adding missing Helm repo: jenkins-x-chartmuseum http://jenkins-x-chartmuseum:8080
WARNING: No secrets found on "helm/repos" due: reading the secret "helm/repos" from vault: no secret "helm/repos" not found in vault
Read credentials for http://jenkins-x-chartmuseum:8080 from vault helm/repos
Successfully added Helm repository jenkins-x-chartmuseum.
WARNING: No $CHART_REPOSITORY defined so using the default value of: http://jenkins-x-chartmuseum:8080
Adding missing Helm repo: chartmuseum.jenkins-x.io http://chartmuseum.jenkins-x.io
WARNING: No secrets found on "helm/repos" due: reading the secret "helm/repos" from vault: no secret "helm/repos" not found in vault
Read credentials for http://chartmuseum.jenkins-x.io from vault helm/repos
Successfully added Helm repository chartmuseum.jenkins-x.io.

Showing logs for build [32mcb-kubecd-bdd-gh-1579697085-pr-nmqmh-1[0m stage [32mfrom-build-pack[0m and container [32mstep-promote-jx-preview[0m
Creating a preview
Created environment cb-kubecd-bdd-gh-1579697085-pr-1
Namespace **-cb-kubecd-bdd-gh-1579697085-pr-1 created 
expose:
  Annotations:
    helm.sh/hook: post-install,post-upgrade
    helm.sh/hook-delete-policy: hook-succeeded
  config:
    domain: 35.187.11.198.nip.io
    exposer: Ingress
    http: "true"
preview:
  image:
    repository: gcr.io/jenkins-x-bdd3/bdd-gh-1579697085
    tag: 0.0.0-SNAPSHOT-PR-1-1

Updating PipelineActivities cb-kubecd-bdd-gh-1579697085-pr-1-1 which has status Running
Preview application is now available at: http://bdd-gh-1579697085.**-cb-kubecd-bdd-gh-1579697085-pr-1.35.187.11.198.nip.io
